{"C:\\Users\\MarkvHouten\\Documents\\Klantenhulpportaal\\klantenhulpportaal\\resources\\js\\components\\ErrorMessage.vue": {"path":"C:\\Users\\MarkvHouten\\Documents\\Klantenhulpportaal\\klantenhulpportaal\\resources\\js\\components\\ErrorMessage.vue","statementMap":{"0":{"start":{"line":3,"column":13},"end":{"line":3,"column":null}},"1":{"start":{"line":2,"column":15},"end":{"line":4,"column":null}}},"fnMap":{},"branchMap":{"0":{"loc":{"start":{"line":2,"column":15},"end":{"line":4,"column":null}},"type":"cond-expr","locations":[{"start":{"line":2,"column":15},"end":{"line":4,"column":null}},{"start":{"line":4,"column":25},"end":{"line":4,"column":null}}],"line":2}},"s":{"0":5,"1":34},"f":{},"b":{"0":[14,20]},"meta":{"lastBranch":1,"lastFunction":0,"lastStatement":2,"seen":{"s:3:13:3:Infinity":0,"s:2:15:4:Infinity":1,"b:2:15:4:Infinity:4:25:4:Infinity":0}}}
,"C:\\Users\\MarkvHouten\\Documents\\Klantenhulpportaal\\klantenhulpportaal\\resources\\js\\components\\FormError.vue": {"path":"C:\\Users\\MarkvHouten\\Documents\\Klantenhulpportaal\\klantenhulpportaal\\resources\\js\\components\\FormError.vue","statementMap":{"0":{"start":{"line":2,"column":4},"end":{"line":3,"column":null}}},"fnMap":{"0":{"name":"(anonymous_0)","decl":{"start":{"line":2,"column":55},"end":{"line":2,"column":58}},"loc":{"start":{"line":2,"column":21},"end":{"line":3,"column":null}},"line":2}},"branchMap":{},"s":{"0":21},"f":{"0":21},"b":{},"meta":{"lastBranch":0,"lastFunction":1,"lastStatement":1,"seen":{"f:2:55:2:58":0,"s:2:4:3:Infinity":0}}}
,"C:\\Users\\MarkvHouten\\Documents\\Klantenhulpportaal\\klantenhulpportaal\\resources\\js\\components\\LogoutButton.vue": {"path":"C:\\Users\\MarkvHouten\\Documents\\Klantenhulpportaal\\klantenhulpportaal\\resources\\js\\components\\LogoutButton.vue","statementMap":{"0":{"start":{"line":22,"column":2},"end":{"line":22,"column":null}},"1":{"start":{"line":23,"column":2},"end":{"line":23,"column":null}},"2":{"start":{"line":2,"column":2},"end":{"line":12,"column":13}}},"fnMap":{"0":{"name":"handleLogout","decl":{"start":{"line":21,"column":15},"end":{"line":21,"column":30}},"loc":{"start":{"line":21,"column":30},"end":{"line":24,"column":null}},"line":21}},"branchMap":{},"s":{"0":2,"1":2,"2":4},"f":{"0":2},"b":{},"meta":{"lastBranch":0,"lastFunction":1,"lastStatement":3,"seen":{"f:21:15:21:30":0,"s:22:2:22:Infinity":0,"s:23:2:23:Infinity":1,"s:2:2:12:13":2}}}
,"C:\\Users\\MarkvHouten\\Documents\\Klantenhulpportaal\\klantenhulpportaal\\resources\\js\\domains\\Admin\\routes.ts": {"path":"C:\\Users\\MarkvHouten\\Documents\\Klantenhulpportaal\\klantenhulpportaal\\resources\\js\\domains\\Admin\\routes.ts","statementMap":{"0":{"start":{"line":4,"column":23},"end":{"line":4,"column":null}},"1":{"start":{"line":4,"column":29},"end":{"line":4,"column":null}},"2":{"start":{"line":6,"column":45},"end":{"line":17,"column":null}}},"fnMap":{"0":{"name":"(anonymous_0)","decl":{"start":{"line":4,"column":23},"end":{"line":4,"column":29}},"loc":{"start":{"line":4,"column":29},"end":{"line":4,"column":null}},"line":4}},"branchMap":{},"s":{"0":5,"1":1,"2":5},"f":{"0":1},"b":{},"meta":{"lastBranch":0,"lastFunction":1,"lastStatement":3,"seen":{"s:4:23:4:Infinity":0,"f:4:23:4:29":0,"s:4:29:4:Infinity":1,"s:6:45:17:Infinity":2}}}
,"C:\\Users\\MarkvHouten\\Documents\\Klantenhulpportaal\\klantenhulpportaal\\resources\\js\\domains\\Admin\\pages\\AdminDashboard.vue": {"path":"C:\\Users\\MarkvHouten\\Documents\\Klantenhulpportaal\\klantenhulpportaal\\resources\\js\\domains\\Admin\\pages\\AdminDashboard.vue","statementMap":{"0":{"start":{"line":2,"column":7},"end":{"line":2,"column":null}}},"fnMap":{},"branchMap":{},"s":{"0":1},"f":{},"b":{},"meta":{"lastBranch":0,"lastFunction":0,"lastStatement":1,"seen":{"s:2:7:2:Infinity":0}}}
,"C:\\Users\\MarkvHouten\\Documents\\Klantenhulpportaal\\klantenhulpportaal\\resources\\js\\domains\\Auth\\routes.ts": {"path":"C:\\Users\\MarkvHouten\\Documents\\Klantenhulpportaal\\klantenhulpportaal\\resources\\js\\domains\\Auth\\routes.ts","statementMap":{"0":{"start":{"line":5,"column":26},"end":{"line":24,"column":null}}},"fnMap":{},"branchMap":{},"s":{"0":5},"f":{},"b":{},"meta":{"lastBranch":0,"lastFunction":0,"lastStatement":1,"seen":{"s:5:26:24:Infinity":0}}}
,"C:\\Users\\MarkvHouten\\Documents\\Klantenhulpportaal\\klantenhulpportaal\\resources\\js\\domains\\Auth\\pages\\LoginPage.vue": {"path":"C:\\Users\\MarkvHouten\\Documents\\Klantenhulpportaal\\klantenhulpportaal\\resources\\js\\domains\\Auth\\pages\\LoginPage.vue","statementMap":{"0":{"start":{"line":74,"column":6},"end":{"line":77,"column":null}},"1":{"start":{"line":80,"column":2},"end":{"line":80,"column":null}},"2":{"start":{"line":81,"column":2},"end":{"line":81,"column":null}},"3":{"start":{"line":2,"column":7},"end":{"line":2,"column":null}},"4":{"start":{"line":3,"column":9},"end":{"line":3,"column":null}},"5":{"start":{"line":11,"column":13},"end":{"line":11,"column":null}},"6":{"start":{"line":53,"column":11},"end":{"line":53,"column":null}},"7":{"start":{"line":58,"column":11},"end":{"line":58,"column":null}},"8":{"start":{"line":16,"column":23},"end":{"line":16,"column":null}},"9":{"start":{"line":30,"column":23},"end":{"line":30,"column":null}},"10":{"start":{"line":56,"column":8},"end":{"line":56,"column":22}},"11":{"start":{"line":61,"column":8},"end":{"line":61,"column":22}}},"fnMap":{"0":{"name":"onSubmit","decl":{"start":{"line":79,"column":15},"end":{"line":79,"column":26}},"loc":{"start":{"line":79,"column":26},"end":{"line":82,"column":null}},"line":79},"1":{"name":"(anonymous_1)","decl":{"start":{"line":15,"column":17},"end":{"line":15,"column":null}},"loc":{"start":{"line":16,"column":23},"end":{"line":16,"column":null}},"line":16},"2":{"name":"(anonymous_2)","decl":{"start":{"line":29,"column":17},"end":{"line":29,"column":null}},"loc":{"start":{"line":30,"column":23},"end":{"line":30,"column":null}},"line":30},"3":{"name":"(anonymous_3)","decl":{"start":{"line":54,"column":118},"end":{"line":54,"column":null}},"loc":{"start":{"line":56,"column":8},"end":{"line":56,"column":22}},"line":56},"4":{"name":"(anonymous_4)","decl":{"start":{"line":59,"column":133},"end":{"line":59,"column":null}},"loc":{"start":{"line":61,"column":8},"end":{"line":61,"column":22}},"line":61}},"branchMap":{"0":{"loc":{"start":{"line":25,"column":16},"end":{"line":13,"column":93}},"type":"binary-expr","locations":[{"start":{"line":25,"column":16},"end":{"line":25,"column":null}},{"start":{"line":25,"column":16},"end":{"line":13,"column":93}}],"line":25},"1":{"loc":{"start":{"line":15,"column":17},"end":{"line":16,"column":null}},"type":"binary-expr","locations":[{"start":{"line":15,"column":17},"end":{"line":15,"column":null}},{"start":{"line":15,"column":17},"end":{"line":16,"column":null}}],"line":15},"2":{"loc":{"start":{"line":39,"column":16},"end":{"line":27,"column":100}},"type":"binary-expr","locations":[{"start":{"line":39,"column":16},"end":{"line":39,"column":null}},{"start":{"line":39,"column":16},"end":{"line":27,"column":100}}],"line":39},"3":{"loc":{"start":{"line":29,"column":17},"end":{"line":30,"column":null}},"type":"binary-expr","locations":[{"start":{"line":29,"column":17},"end":{"line":29,"column":null}},{"start":{"line":29,"column":17},"end":{"line":30,"column":null}}],"line":29},"4":{"loc":{"start":{"line":56,"column":8},"end":{"line":56,"column":22}},"type":"binary-expr","locations":[{"start":{"line":56,"column":8},"end":{"line":56,"column":22}},{"start":{"line":56,"column":8},"end":{"line":56,"column":22}}],"line":56},"5":{"loc":{"start":{"line":61,"column":8},"end":{"line":61,"column":22}},"type":"binary-expr","locations":[{"start":{"line":61,"column":8},"end":{"line":61,"column":22}},{"start":{"line":61,"column":8},"end":{"line":61,"column":22}}],"line":61}},"s":{"0":6,"1":1,"2":1,"3":5,"4":5,"5":5,"6":5,"7":5,"8":1,"9":1,"10":6,"11":6},"f":{"0":1,"1":1,"2":1,"3":6,"4":6},"b":{"0":[8,6],"1":[8,6],"2":[8,6],"3":[8,6],"4":[6,6],"5":[6,6]},"meta":{"lastBranch":6,"lastFunction":5,"lastStatement":12,"seen":{"s:74:6:77:Infinity":0,"f:79:15:79:26":0,"s:80:2:80:Infinity":1,"s:81:2:81:Infinity":2,"s:2:7:2:Infinity":3,"s:3:9:3:Infinity":4,"s:11:13:11:Infinity":5,"s:53:11:53:Infinity":6,"s:58:11:58:Infinity":7,"b:25:16:25:Infinity:25:16:13:93":0,"b:15:17:15:Infinity:15:17:16:Infinity":1,"f:15:17:15:Infinity":1,"s:16:23:16:Infinity":8,"b:39:16:39:Infinity:39:16:27:100":2,"b:29:17:29:Infinity:29:17:30:Infinity":3,"f:29:17:29:Infinity":2,"s:30:23:30:Infinity":9,"f:54:118:54:Infinity":3,"s:56:8:56:22":10,"b:56:8:56:22:56:8:56:22":4,"f:59:133:59:Infinity":4,"s:61:8:61:22":11,"b:61:8:61:22:61:8:61:22":5}}}
,"C:\\Users\\MarkvHouten\\Documents\\Klantenhulpportaal\\klantenhulpportaal\\resources\\js\\domains\\Auth\\pages\\PasswordRecovery.vue": {"path":"C:\\Users\\MarkvHouten\\Documents\\Klantenhulpportaal\\klantenhulpportaal\\resources\\js\\domains\\Auth\\pages\\PasswordRecovery.vue","statementMap":{"0":{"start":{"line":49,"column":6},"end":{"line":49,"column":null}},"1":{"start":{"line":52,"column":4},"end":{"line":52,"column":null}},"2":{"start":{"line":53,"column":4},"end":{"line":53,"column":null}},"3":{"start":{"line":2,"column":7},"end":{"line":2,"column":null}},"4":{"start":{"line":3,"column":9},"end":{"line":3,"column":null}},"5":{"start":{"line":11,"column":13},"end":{"line":11,"column":null}},"6":{"start":{"line":16,"column":23},"end":{"line":16,"column":null}}},"fnMap":{"0":{"name":"onSubmit","decl":{"start":{"line":51,"column":15},"end":{"line":51,"column":26}},"loc":{"start":{"line":51,"column":26},"end":{"line":54,"column":null}},"line":51},"1":{"name":"(anonymous_1)","decl":{"start":{"line":15,"column":17},"end":{"line":15,"column":null}},"loc":{"start":{"line":16,"column":23},"end":{"line":16,"column":null}},"line":16}},"branchMap":{"0":{"loc":{"start":{"line":25,"column":16},"end":{"line":13,"column":93}},"type":"binary-expr","locations":[{"start":{"line":25,"column":16},"end":{"line":25,"column":null}},{"start":{"line":25,"column":16},"end":{"line":13,"column":93}}],"line":25},"1":{"loc":{"start":{"line":15,"column":17},"end":{"line":16,"column":null}},"type":"binary-expr","locations":[{"start":{"line":15,"column":17},"end":{"line":15,"column":null}},{"start":{"line":15,"column":17},"end":{"line":16,"column":null}}],"line":15}},"s":{"0":4,"1":1,"2":1,"3":5,"4":5,"5":5,"6":1},"f":{"0":1,"1":1},"b":{"0":[5,4],"1":[5,4]},"meta":{"lastBranch":2,"lastFunction":2,"lastStatement":7,"seen":{"s:49:6:49:Infinity":0,"f:51:15:51:26":0,"s:52:4:52:Infinity":1,"s:53:4:53:Infinity":2,"s:2:7:2:Infinity":3,"s:3:9:3:Infinity":4,"s:11:13:11:Infinity":5,"b:25:16:25:Infinity:25:16:13:93":0,"b:15:17:15:Infinity:15:17:16:Infinity":1,"f:15:17:15:Infinity":1,"s:16:23:16:Infinity":6}}}
,"C:\\Users\\MarkvHouten\\Documents\\Klantenhulpportaal\\klantenhulpportaal\\resources\\js\\domains\\Auth\\pages\\RegistrationPage.vue": {"path":"C:\\Users\\MarkvHouten\\Documents\\Klantenhulpportaal\\klantenhulpportaal\\resources\\js\\domains\\Auth\\pages\\RegistrationPage.vue","statementMap":{"0":{"start":{"line":98,"column":6},"end":{"line":103,"column":null}},"1":{"start":{"line":105,"column":17},"end":{"line":108,"column":null}},"2":{"start":{"line":106,"column":2},"end":{"line":106,"column":null}},"3":{"start":{"line":107,"column":2},"end":{"line":107,"column":null}},"4":{"start":{"line":2,"column":7},"end":{"line":2,"column":null}},"5":{"start":{"line":3,"column":9},"end":{"line":3,"column":null}},"6":{"start":{"line":11,"column":13},"end":{"line":11,"column":null}},"7":{"start":{"line":82,"column":11},"end":{"line":82,"column":null}},"8":{"start":{"line":16,"column":23},"end":{"line":16,"column":null}},"9":{"start":{"line":30,"column":23},"end":{"line":30,"column":null}},"10":{"start":{"line":44,"column":23},"end":{"line":44,"column":null}},"11":{"start":{"line":58,"column":23},"end":{"line":58,"column":null}},"12":{"start":{"line":85,"column":8},"end":{"line":85,"column":22}}},"fnMap":{"0":{"name":"(anonymous_0)","decl":{"start":{"line":105,"column":17},"end":{"line":105,"column":29}},"loc":{"start":{"line":105,"column":29},"end":{"line":108,"column":null}},"line":105},"1":{"name":"(anonymous_1)","decl":{"start":{"line":15,"column":17},"end":{"line":15,"column":null}},"loc":{"start":{"line":16,"column":23},"end":{"line":16,"column":null}},"line":16},"2":{"name":"(anonymous_2)","decl":{"start":{"line":29,"column":17},"end":{"line":29,"column":null}},"loc":{"start":{"line":30,"column":23},"end":{"line":30,"column":null}},"line":30},"3":{"name":"(anonymous_3)","decl":{"start":{"line":43,"column":17},"end":{"line":43,"column":null}},"loc":{"start":{"line":44,"column":23},"end":{"line":44,"column":null}},"line":44},"4":{"name":"(anonymous_4)","decl":{"start":{"line":57,"column":17},"end":{"line":57,"column":null}},"loc":{"start":{"line":58,"column":23},"end":{"line":58,"column":null}},"line":58},"5":{"name":"(anonymous_5)","decl":{"start":{"line":83,"column":115},"end":{"line":83,"column":null}},"loc":{"start":{"line":85,"column":8},"end":{"line":85,"column":22}},"line":85}},"branchMap":{"0":{"loc":{"start":{"line":25,"column":16},"end":{"line":13,"column":90}},"type":"binary-expr","locations":[{"start":{"line":25,"column":16},"end":{"line":25,"column":null}},{"start":{"line":25,"column":16},"end":{"line":13,"column":90}}],"line":25},"1":{"loc":{"start":{"line":15,"column":17},"end":{"line":16,"column":null}},"type":"binary-expr","locations":[{"start":{"line":15,"column":17},"end":{"line":15,"column":null}},{"start":{"line":15,"column":17},"end":{"line":16,"column":null}}],"line":15},"2":{"loc":{"start":{"line":39,"column":16},"end":{"line":27,"column":93}},"type":"binary-expr","locations":[{"start":{"line":39,"column":16},"end":{"line":39,"column":null}},{"start":{"line":39,"column":16},"end":{"line":27,"column":93}}],"line":39},"3":{"loc":{"start":{"line":29,"column":17},"end":{"line":30,"column":null}},"type":"binary-expr","locations":[{"start":{"line":29,"column":17},"end":{"line":29,"column":null}},{"start":{"line":29,"column":17},"end":{"line":30,"column":null}}],"line":29},"4":{"loc":{"start":{"line":53,"column":16},"end":{"line":41,"column":100}},"type":"binary-expr","locations":[{"start":{"line":53,"column":16},"end":{"line":53,"column":null}},{"start":{"line":53,"column":16},"end":{"line":41,"column":100}}],"line":53},"5":{"loc":{"start":{"line":43,"column":17},"end":{"line":44,"column":null}},"type":"binary-expr","locations":[{"start":{"line":43,"column":17},"end":{"line":43,"column":null}},{"start":{"line":43,"column":17},"end":{"line":44,"column":null}}],"line":43},"6":{"loc":{"start":{"line":67,"column":16},"end":{"line":55,"column":122}},"type":"binary-expr","locations":[{"start":{"line":67,"column":16},"end":{"line":67,"column":null}},{"start":{"line":67,"column":16},"end":{"line":55,"column":122}}],"line":67},"7":{"loc":{"start":{"line":57,"column":17},"end":{"line":58,"column":null}},"type":"binary-expr","locations":[{"start":{"line":57,"column":17},"end":{"line":57,"column":null}},{"start":{"line":57,"column":17},"end":{"line":58,"column":null}}],"line":57},"8":{"loc":{"start":{"line":85,"column":8},"end":{"line":85,"column":22}},"type":"binary-expr","locations":[{"start":{"line":85,"column":8},"end":{"line":85,"column":22}},{"start":{"line":85,"column":8},"end":{"line":85,"column":22}}],"line":85}},"s":{"0":4,"1":4,"2":2,"3":2,"4":5,"5":5,"6":5,"7":5,"8":2,"9":2,"10":2,"11":2,"12":9},"f":{"0":2,"1":2,"2":2,"3":2,"4":2,"5":9},"b":{"0":[12,4],"1":[12,4],"2":[12,4],"3":[12,4],"4":[12,4],"5":[12,4],"6":[12,4],"7":[12,4],"8":[9,4]},"meta":{"lastBranch":9,"lastFunction":6,"lastStatement":13,"seen":{"s:98:6:103:Infinity":0,"s:105:17:108:Infinity":1,"f:105:17:105:29":0,"s:106:2:106:Infinity":2,"s:107:2:107:Infinity":3,"s:2:7:2:Infinity":4,"s:3:9:3:Infinity":5,"s:11:13:11:Infinity":6,"s:82:11:82:Infinity":7,"b:25:16:25:Infinity:25:16:13:90":0,"b:15:17:15:Infinity:15:17:16:Infinity":1,"f:15:17:15:Infinity":1,"s:16:23:16:Infinity":8,"b:39:16:39:Infinity:39:16:27:93":2,"b:29:17:29:Infinity:29:17:30:Infinity":3,"f:29:17:29:Infinity":2,"s:30:23:30:Infinity":9,"b:53:16:53:Infinity:53:16:41:100":4,"b:43:17:43:Infinity:43:17:44:Infinity":5,"f:43:17:43:Infinity":3,"s:44:23:44:Infinity":10,"b:67:16:67:Infinity:67:16:55:122":6,"b:57:17:57:Infinity:57:17:58:Infinity":7,"f:57:17:57:Infinity":4,"s:58:23:58:Infinity":11,"f:83:115:83:Infinity":5,"s:85:8:85:22":12,"b:85:8:85:22:85:8:85:22":8}}}
,"C:\\Users\\MarkvHouten\\Documents\\Klantenhulpportaal\\klantenhulpportaal\\resources\\js\\domains\\Landing\\routes.ts": {"path":"C:\\Users\\MarkvHouten\\Documents\\Klantenhulpportaal\\klantenhulpportaal\\resources\\js\\domains\\Landing\\routes.ts","statementMap":{"0":{"start":{"line":3,"column":29},"end":{"line":9,"column":null}}},"fnMap":{},"branchMap":{},"s":{"0":5},"f":{},"b":{},"meta":{"lastBranch":0,"lastFunction":0,"lastStatement":1,"seen":{"s:3:29:9:Infinity":0}}}
,"C:\\Users\\MarkvHouten\\Documents\\Klantenhulpportaal\\klantenhulpportaal\\resources\\js\\domains\\Landing\\pages\\LandingPage.vue": {"path":"C:\\Users\\MarkvHouten\\Documents\\Klantenhulpportaal\\klantenhulpportaal\\resources\\js\\domains\\Landing\\pages\\LandingPage.vue","statementMap":{"0":{"start":{"line":3,"column":7},"end":{"line":3,"column":null}},"1":{"start":{"line":14,"column":14},"end":{"line":14,"column":36}},"2":{"start":{"line":7,"column":88},"end":{"line":7,"column":102}},"3":{"start":{"line":8,"column":94},"end":{"line":8,"column":108}},"4":{"start":{"line":9,"column":86},"end":{"line":9,"column":100}},"5":{"start":{"line":15,"column":86},"end":{"line":15,"column":100}}},"fnMap":{"0":{"name":"(anonymous_0)","decl":{"start":{"line":7,"column":83},"end":{"line":7,"column":88}},"loc":{"start":{"line":7,"column":88},"end":{"line":7,"column":102}},"line":7},"1":{"name":"(anonymous_1)","decl":{"start":{"line":8,"column":86},"end":{"line":8,"column":94}},"loc":{"start":{"line":8,"column":94},"end":{"line":8,"column":108}},"line":8},"2":{"name":"(anonymous_2)","decl":{"start":{"line":9,"column":82},"end":{"line":9,"column":86}},"loc":{"start":{"line":9,"column":86},"end":{"line":9,"column":100}},"line":9},"3":{"name":"(anonymous_3)","decl":{"start":{"line":15,"column":82},"end":{"line":15,"column":86}},"loc":{"start":{"line":15,"column":86},"end":{"line":15,"column":100}},"line":15}},"branchMap":{"0":{"loc":{"start":{"line":7,"column":88},"end":{"line":7,"column":102}},"type":"binary-expr","locations":[{"start":{"line":7,"column":88},"end":{"line":7,"column":102}},{"start":{"line":7,"column":88},"end":{"line":7,"column":102}}],"line":7},"1":{"loc":{"start":{"line":8,"column":94},"end":{"line":8,"column":108}},"type":"binary-expr","locations":[{"start":{"line":8,"column":94},"end":{"line":8,"column":108}},{"start":{"line":8,"column":94},"end":{"line":8,"column":108}}],"line":8},"2":{"loc":{"start":{"line":9,"column":86},"end":{"line":9,"column":100}},"type":"binary-expr","locations":[{"start":{"line":9,"column":86},"end":{"line":9,"column":100}},{"start":{"line":9,"column":86},"end":{"line":9,"column":100}}],"line":9},"3":{"loc":{"start":{"line":15,"column":86},"end":{"line":15,"column":100}},"type":"binary-expr","locations":[{"start":{"line":15,"column":86},"end":{"line":15,"column":100}},{"start":{"line":15,"column":86},"end":{"line":15,"column":100}}],"line":15}},"s":{"0":6,"1":6,"2":7,"3":7,"4":7,"5":9},"f":{"0":7,"1":7,"2":7,"3":9},"b":{"0":[7,4],"1":[7,4],"2":[7,4],"3":[9,5]},"meta":{"lastBranch":4,"lastFunction":4,"lastStatement":6,"seen":{"s:3:7:3:Infinity":0,"s:14:14:14:36":1,"f:7:83:7:88":0,"s:7:88:7:102":2,"b:7:88:7:102:7:88:7:102":0,"f:8:86:8:94":1,"s:8:94:8:108":3,"b:8:94:8:108:8:94:8:108":1,"f:9:82:9:86":2,"s:9:86:9:100":4,"b:9:86:9:100:9:86:9:100":2,"f:15:82:15:86":3,"s:15:86:15:100":5,"b:15:86:15:100:15:86:15:100":3}}}
,"C:\\Users\\MarkvHouten\\Documents\\Klantenhulpportaal\\klantenhulpportaal\\resources\\js\\domains\\Tickets\\routes.ts": {"path":"C:\\Users\\MarkvHouten\\Documents\\Klantenhulpportaal\\klantenhulpportaal\\resources\\js\\domains\\Tickets\\routes.ts","statementMap":{"0":{"start":{"line":3,"column":29},"end":{"line":10,"column":null}}},"fnMap":{},"branchMap":{},"s":{"0":5},"f":{},"b":{},"meta":{"lastBranch":0,"lastFunction":0,"lastStatement":1,"seen":{"s:3:29:10:Infinity":0}}}
,"C:\\Users\\MarkvHouten\\Documents\\Klantenhulpportaal\\klantenhulpportaal\\resources\\js\\router\\index.ts": {"path":"C:\\Users\\MarkvHouten\\Documents\\Klantenhulpportaal\\klantenhulpportaal\\resources\\js\\router\\index.ts","statementMap":{"0":{"start":{"line":8,"column":6},"end":{"line":16,"column":null}},"1":{"start":{"line":22,"column":0},"end":{"line":41,"column":null}},"2":{"start":{"line":24,"column":4},"end":{"line":26,"column":null}},"3":{"start":{"line":25,"column":8},"end":{"line":25,"column":null}},"4":{"start":{"line":30,"column":4},"end":{"line":32,"column":null}},"5":{"start":{"line":31,"column":8},"end":{"line":31,"column":null}},"6":{"start":{"line":35,"column":4},"end":{"line":37,"column":null}},"7":{"start":{"line":36,"column":8},"end":{"line":36,"column":null}},"8":{"start":{"line":40,"column":4},"end":{"line":40,"column":null}}},"fnMap":{"0":{"name":"(anonymous_0)","decl":{"start":{"line":22,"column":18},"end":{"line":22,"column":19}},"loc":{"start":{"line":22,"column":38},"end":{"line":41,"column":1}},"line":22}},"branchMap":{"0":{"loc":{"start":{"line":24,"column":4},"end":{"line":26,"column":null}},"type":"if","locations":[{"start":{"line":24,"column":4},"end":{"line":26,"column":null}},{"start":{},"end":{}}],"line":24},"1":{"loc":{"start":{"line":24,"column":8},"end":{"line":24,"column":56}},"type":"binary-expr","locations":[{"start":{"line":24,"column":8},"end":{"line":24,"column":32}},{"start":{"line":24,"column":32},"end":{"line":24,"column":56}}],"line":24},"2":{"loc":{"start":{"line":30,"column":4},"end":{"line":32,"column":null}},"type":"if","locations":[{"start":{"line":30,"column":4},"end":{"line":32,"column":null}},{"start":{},"end":{}}],"line":30},"3":{"loc":{"start":{"line":30,"column":8},"end":{"line":30,"column":49}},"type":"binary-expr","locations":[{"start":{"line":30,"column":8},"end":{"line":30,"column":33}},{"start":{"line":30,"column":33},"end":{"line":30,"column":49}}],"line":30},"4":{"loc":{"start":{"line":35,"column":4},"end":{"line":37,"column":null}},"type":"if","locations":[{"start":{"line":35,"column":4},"end":{"line":37,"column":null}},{"start":{},"end":{}}],"line":35},"5":{"loc":{"start":{"line":35,"column":8},"end":{"line":35,"column":56}},"type":"binary-expr","locations":[{"start":{"line":35,"column":8},"end":{"line":35,"column":33}},{"start":{"line":35,"column":33},"end":{"line":35,"column":56}}],"line":35}},"s":{"0":5,"1":5,"2":26,"3":3,"4":23,"5":1,"6":22,"7":3,"8":19},"f":{"0":26},"b":{"0":[3,23],"1":[26,7],"2":[1,22],"3":[23,2],"4":[3,19],"5":[22,9]},"meta":{"lastBranch":6,"lastFunction":1,"lastStatement":9,"seen":{"s:8:6:16:Infinity":0,"s:22:0:41:Infinity":1,"f:22:18:22:19":0,"b:24:4:26:Infinity:undefined:undefined:undefined:undefined":0,"s:24:4:26:Infinity":2,"b:24:8:24:32:24:32:24:56":1,"s:25:8:25:Infinity":3,"b:30:4:32:Infinity:undefined:undefined:undefined:undefined":2,"s:30:4:32:Infinity":4,"b:30:8:30:33:30:33:30:49":3,"s:31:8:31:Infinity":5,"b:35:4:37:Infinity:undefined:undefined:undefined:undefined":4,"s:35:4:37:Infinity":6,"b:35:8:35:33:35:33:35:56":5,"s:36:8:36:Infinity":7,"s:40:4:40:Infinity":8}}}
,"C:\\Users\\MarkvHouten\\Documents\\Klantenhulpportaal\\klantenhulpportaal\\resources\\js\\services\\error\\index.ts": {"path":"C:\\Users\\MarkvHouten\\Documents\\Klantenhulpportaal\\klantenhulpportaal\\resources\\js\\services\\error\\index.ts","statementMap":{"0":{"start":{"line":7,"column":6},"end":{"line":7,"column":null}},"1":{"start":{"line":8,"column":6},"end":{"line":8,"column":null}},"2":{"start":{"line":10,"column":13},"end":{"line":10,"column":null}},"3":{"start":{"line":10,"column":42},"end":{"line":10,"column":56}},"4":{"start":{"line":11,"column":13},"end":{"line":11,"column":null}},"5":{"start":{"line":11,"column":41},"end":{"line":11,"column":54}},"6":{"start":{"line":13,"column":34},"end":{"line":13,"column":null}},"7":{"start":{"line":13,"column":35},"end":{"line":13,"column":null}},"8":{"start":{"line":13,"column":71},"end":{"line":13,"column":95}},"9":{"start":{"line":15,"column":27},"end":{"line":15,"column":null}},"10":{"start":{"line":15,"column":47},"end":{"line":15,"column":null}},"11":{"start":{"line":16,"column":26},"end":{"line":18,"column":null}},"12":{"start":{"line":17,"column":4},"end":{"line":17,"column":null}},"13":{"start":{"line":20,"column":29},"end":{"line":20,"column":null}},"14":{"start":{"line":20,"column":36},"end":{"line":20,"column":null}},"15":{"start":{"line":21,"column":30},"end":{"line":21,"column":null}},"16":{"start":{"line":21,"column":37},"end":{"line":21,"column":null}}},"fnMap":{"0":{"name":"(anonymous_0)","decl":{"start":{"line":10,"column":36},"end":{"line":10,"column":42}},"loc":{"start":{"line":10,"column":42},"end":{"line":10,"column":56}},"line":10},"1":{"name":"(anonymous_1)","decl":{"start":{"line":11,"column":35},"end":{"line":11,"column":41}},"loc":{"start":{"line":11,"column":41},"end":{"line":11,"column":54}},"line":11},"2":{"name":"(anonymous_2)","decl":{"start":{"line":13,"column":34},"end":{"line":13,"column":35}},"loc":{"start":{"line":13,"column":35},"end":{"line":13,"column":null}},"line":13},"3":{"name":"(anonymous_3)","decl":{"start":{"line":13,"column":65},"end":{"line":13,"column":71}},"loc":{"start":{"line":13,"column":71},"end":{"line":13,"column":95}},"line":13},"4":{"name":"(anonymous_4)","decl":{"start":{"line":15,"column":27},"end":{"line":15,"column":28}},"loc":{"start":{"line":15,"column":47},"end":{"line":15,"column":null}},"line":15},"5":{"name":"(anonymous_5)","decl":{"start":{"line":16,"column":26},"end":{"line":16,"column":27}},"loc":{"start":{"line":16,"column":50},"end":{"line":18,"column":null}},"line":16},"6":{"name":"(anonymous_6)","decl":{"start":{"line":20,"column":29},"end":{"line":20,"column":36}},"loc":{"start":{"line":20,"column":36},"end":{"line":20,"column":null}},"line":20},"7":{"name":"(anonymous_7)","decl":{"start":{"line":21,"column":30},"end":{"line":21,"column":37}},"loc":{"start":{"line":21,"column":37},"end":{"line":21,"column":null}},"line":21}},"branchMap":{"0":{"loc":{"start":{"line":17,"column":20},"end":{"line":17,"column":null}},"type":"binary-expr","locations":[{"start":{"line":17,"column":20},"end":{"line":17,"column":34}},{"start":{"line":17,"column":34},"end":{"line":17,"column":null}}],"line":17}},"s":{"0":6,"1":6,"2":6,"3":5,"4":6,"5":17,"6":6,"7":65,"8":154,"9":6,"10":11,"11":6,"12":11,"13":6,"14":31,"15":6,"16":31},"f":{"0":5,"1":17,"2":65,"3":154,"4":11,"5":11,"6":31,"7":31},"b":{"0":[11,3]},"meta":{"lastBranch":1,"lastFunction":8,"lastStatement":17,"seen":{"s:7:6:7:Infinity":0,"s:8:6:8:Infinity":1,"s:10:13:10:Infinity":2,"f:10:36:10:42":0,"s:10:42:10:56":3,"s:11:13:11:Infinity":4,"f:11:35:11:41":1,"s:11:41:11:54":5,"s:13:34:13:Infinity":6,"f:13:34:13:35":2,"s:13:35:13:Infinity":7,"f:13:65:13:71":3,"s:13:71:13:95":8,"s:15:27:15:Infinity":9,"f:15:27:15:28":4,"s:15:47:15:Infinity":10,"s:16:26:18:Infinity":11,"f:16:26:16:27":5,"s:17:4:17:Infinity":12,"b:17:20:17:34:17:34:17:Infinity":0,"s:20:29:20:Infinity":13,"f:20:29:20:36":6,"s:20:36:20:Infinity":14,"s:21:30:21:Infinity":15,"f:21:30:21:37":7,"s:21:37:21:Infinity":16}}}
}
